<?xml version="1.0" encoding="UTF-8"?>
<testsuite xmlns:xsi="http://www.w3.org/2001/XMLSchema-instance" xsi:noNamespaceSchemaLocation="https://maven.apache.org/surefire/maven-surefire-plugin/xsd/surefire-test-report.xsd" name="dev.codescreen.unittesting.controller.AuthorizationTransactionControllerTest" time="0.156" tests="3" errors="0" skipped="0" failures="0">
  <properties>
[...]
</properties>
  <testcase name="whenInvalidTransactionRequest_thenReturnsStatus400" classname="dev.codescreen.unittesting.controller.AuthorizationTransactionControllerTest" time="0.026"/>
  <testcase name="authorizeTransaction_whenCalled_shouldReturnResponse" classname="dev.codescreen.unittesting.controller.AuthorizationTransactionControllerTest" time="0.061"/>
  <testcase name="whenAllFieldsAreEmpty_thenReturnsStatus400" classname="dev.codescreen.unittesting.controller.AuthorizationTransactionControllerTest" time="0.021"/>
</testsuite>